2025-10-18T10:19:21.513+02:00  WARN 12416 --- [XFit_backend] [HikariPool-1:housekeeper] com.zaxxer.hikari.pool.HikariPool        : HikariPool-1 - Thread starvation or clock leap detected (housekeeper delta=11h8m43s253ms428µs100ns).
2025-10-18T10:19:22.787+02:00  WARN 12416 --- [XFit_backend] [HikariPool-1:housekeeper] com.zaxxer.hikari.pool.PoolBase          : HikariPool-1 - Failed to validate connection com.mysql.cj.jdbc.ConnectionImpl@63c781c2 (No operations allowed after connection closed.). Possibly consider using a shorter maxLifetime value.
2025-10-18T10:19:22.796+02:00  WARN 12416 --- [XFit_backend] [HikariPool-1:housekeeper] com.zaxxer.hikari.pool.PoolBase          : HikariPool-1 - Failed to validate connection com.mysql.cj.jdbc.ConnectionImpl@3c1007ff (No operations allowed after connection closed.). Possibly consider using a shorter maxLifetime value.
2025-10-18T10:19:22.797+02:00  WARN 12416 --- [XFit_backend] [HikariPool-1:housekeeper] com.zaxxer.hikari.pool.PoolBase          : HikariPool-1 - Failed to validate connection com.mysql.cj.jdbc.ConnectionImpl@17b54f56 (No operations allowed after connection closed.). Possibly consider using a shorter maxLifetime value.
2025-10-18T10:19:22.802+02:00  WARN 12416 --- [XFit_backend] [HikariPool-1:housekeeper] com.zaxxer.hikari.pool.PoolBase          : HikariPool-1 - Failed to validate connection com.mysql.cj.jdbc.ConnectionImpl@482305f3 (No operations allowed after connection closed.). Possibly consider using a shorter maxLifetime value.
2025-10-18T10:19:22.803+02:00  WARN 12416 --- [XFit_backend] [HikariPool-1:housekeeper] com.zaxxer.hikari.pool.PoolBase          : HikariPool-1 - Failed to validate connection com.mysql.cj.jdbc.ConnectionImpl@25dac844 (No operations allowed after connection closed.). Possibly consider using a shorter maxLifetime value.
2025-10-18T10:19:22.805+02:00  WARN 12416 --- [XFit_backend] [HikariPool-1:housekeeper] com.zaxxer.hikari.pool.PoolBase          : HikariPool-1 - Failed to validate connection com.mysql.cj.jdbc.ConnectionImpl@19490cff (No operations allowed after connection closed.). Possibly consider using a shorter maxLifetime value.
2025-10-18T10:19:22.806+02:00  WARN 12416 --- [XFit_backend] [HikariPool-1:housekeeper] com.zaxxer.hikari.pool.PoolBase          : HikariPool-1 - Failed to validate connection com.mysql.cj.jdbc.ConnectionImpl@24bb3f7f (No operations allowed after connection closed.). Possibly consider using a shorter maxLifetime value.
2025-10-18T10:19:22.808+02:00  WARN 12416 --- [XFit_backend] [HikariPool-1:housekeeper] com.zaxxer.hikari.pool.PoolBase          : HikariPool-1 - Failed to validate connection com.mysql.cj.jdbc.ConnectionImpl@7467aa86 (No operations allowed after connection closed.). Possibly consider using a shorter maxLifetime value.
2025-10-18T10:19:22.809+02:00  WARN 12416 --- [XFit_backend] [HikariPool-1:housekeeper] com.zaxxer.hikari.pool.PoolBase          : HikariPool-1 - Failed to validate connection com.mysql.cj.jdbc.ConnectionImpl@78cc4a6 (No operations allowed after connection closed.). Possibly consider using a shorter maxLifetime value.
2025-10-18T10:19:22.811+02:00  WARN 12416 --- [XFit_backend] [HikariPool-1:housekeeper] com.zaxxer.hikari.pool.PoolBase          : HikariPool-1 - Failed to validate connection com.mysql.cj.jdbc.ConnectionImpl@56f30e5c (No operations allowed after connection closed.). Possibly consider using a shorter maxLifetime value.
2025-10-18T10:21:06.494+02:00  INFO 12416 --- [XFit_backend] [SpringApplicationShutdownHook] o.s.b.w.e.tomcat.GracefulShutdown        : Commencing graceful shutdown. Waiting for active requests to complete
2025-10-18T10:21:06.518+02:00  INFO 12416 --- [XFit_backend] [tomcat-shutdown] o.s.b.w.e.tomcat.GracefulShutdown        : Graceful shutdown complete
2025-10-18T10:21:06.536+02:00  INFO 12416 --- [XFit_backend] [SpringApplicationShutdownHook] j.LocalContainerEntityManagerFactoryBean : Closing JPA EntityManagerFactory for persistence unit 'default'
2025-10-18T10:21:06.562+02:00  INFO 12416 --- [XFit_backend] [SpringApplicationShutdownHook] com.zaxxer.hikari.HikariDataSource       : HikariPool-1 - Shutdown initiated...
2025-10-18T10:21:06.567+02:00  INFO 12416 --- [XFit_backend] [SpringApplicationShutdownHook] com.zaxxer.hikari.HikariDataSource       : HikariPool-1 - Shutdown completed.
2025-10-18T12:26:23.420+02:00  INFO 7664 --- [XFit_backend] [restartedMain] c.s.xfit_backend.XFitBackendApplication  : Starting XFitBackendApplication using Java 25 with PID 7664 (C:\Users\hp\Desktop\ionic_project\XFit_backend\target\classes started by hp in C:\Users\hp\Desktop\ionic_project\XFit_backend)
2025-10-18T12:26:23.422+02:00 DEBUG 7664 --- [XFit_backend] [restartedMain] c.s.xfit_backend.XFitBackendApplication  : Running with Spring Boot v3.5.6, Spring v6.2.11
2025-10-18T12:26:23.422+02:00  INFO 7664 --- [XFit_backend] [restartedMain] c.s.xfit_backend.XFitBackendApplication  : No active profile set, falling back to 1 default profile: "default"
2025-10-18T12:26:23.469+02:00  INFO 7664 --- [XFit_backend] [restartedMain] .e.DevToolsPropertyDefaultsPostProcessor : Devtools property defaults active! Set 'spring.devtools.add-properties' to 'false' to disable
2025-10-18T12:26:23.470+02:00  INFO 7664 --- [XFit_backend] [restartedMain] .e.DevToolsPropertyDefaultsPostProcessor : For additional web related logging consider setting the 'logging.level.web' property to 'DEBUG'
2025-10-18T12:26:24.056+02:00  INFO 7664 --- [XFit_backend] [restartedMain] .s.d.r.c.RepositoryConfigurationDelegate : Bootstrapping Spring Data JPA repositories in DEFAULT mode.
2025-10-18T12:26:24.106+02:00  INFO 7664 --- [XFit_backend] [restartedMain] .s.d.r.c.RepositoryConfigurationDelegate : Finished Spring Data repository scanning in 43 ms. Found 2 JPA repository interfaces.
2025-10-18T12:26:24.569+02:00  INFO 7664 --- [XFit_backend] [restartedMain] o.s.b.w.embedded.tomcat.TomcatWebServer  : Tomcat initialized with port 8090 (http)
2025-10-18T12:26:24.587+02:00  INFO 7664 --- [XFit_backend] [restartedMain] o.apache.catalina.core.StandardService   : Starting service [Tomcat]
2025-10-18T12:26:24.588+02:00  INFO 7664 --- [XFit_backend] [restartedMain] o.apache.catalina.core.StandardEngine    : Starting Servlet engine: [Apache Tomcat/10.1.46]
2025-10-18T12:26:24.623+02:00  INFO 7664 --- [XFit_backend] [restartedMain] o.a.c.c.C.[Tomcat].[localhost].[/]       : Initializing Spring embedded WebApplicationContext
2025-10-18T12:26:24.624+02:00  INFO 7664 --- [XFit_backend] [restartedMain] w.s.c.ServletWebServerApplicationContext : Root WebApplicationContext: initialization completed in 1154 ms
2025-10-18T12:26:24.755+02:00  INFO 7664 --- [XFit_backend] [restartedMain] o.hibernate.jpa.internal.util.LogHelper  : HHH000204: Processing PersistenceUnitInfo [name: default]
2025-10-18T12:26:24.817+02:00  INFO 7664 --- [XFit_backend] [restartedMain] org.hibernate.Version                    : HHH000412: Hibernate ORM core version 6.6.29.Final
2025-10-18T12:26:24.855+02:00  INFO 7664 --- [XFit_backend] [restartedMain] o.h.c.internal.RegionFactoryInitiator    : HHH000026: Second-level cache disabled
2025-10-18T12:26:25.119+02:00  INFO 7664 --- [XFit_backend] [restartedMain] o.s.o.j.p.SpringPersistenceUnitInfo      : No LoadTimeWeaver setup: ignoring JPA class transformer
2025-10-18T12:26:25.149+02:00  INFO 7664 --- [XFit_backend] [restartedMain] com.zaxxer.hikari.HikariDataSource       : HikariPool-1 - Starting...
2025-10-18T12:26:25.301+02:00  INFO 7664 --- [XFit_backend] [restartedMain] com.zaxxer.hikari.pool.HikariPool        : HikariPool-1 - Added connection com.mysql.cj.jdbc.ConnectionImpl@7190fc4d
2025-10-18T12:26:25.303+02:00  INFO 7664 --- [XFit_backend] [restartedMain] com.zaxxer.hikari.HikariDataSource       : HikariPool-1 - Start completed.
2025-10-18T12:26:25.325+02:00  WARN 7664 --- [XFit_backend] [restartedMain] org.hibernate.orm.deprecation            : HHH90000025: MySQL8Dialect does not need to be specified explicitly using 'hibernate.dialect' (remove the property setting and it will be selected by default)
2025-10-18T12:26:25.326+02:00  WARN 7664 --- [XFit_backend] [restartedMain] org.hibernate.orm.deprecation            : HHH90000026: MySQL8Dialect has been deprecated; use org.hibernate.dialect.MySQLDialect instead
2025-10-18T12:26:25.343+02:00  INFO 7664 --- [XFit_backend] [restartedMain] org.hibernate.orm.connections.pooling    : HHH10001005: Database info:
	Database JDBC URL [Connecting through datasource 'HikariDataSource (HikariPool-1)']
	Database driver: undefined/unknown
	Database version: 8.0
	Autocommit mode: undefined/unknown
	Isolation level: undefined/unknown
	Minimum pool size: undefined/unknown
	Maximum pool size: undefined/unknown
2025-10-18T12:26:26.060+02:00  INFO 7664 --- [XFit_backend] [restartedMain] o.h.e.t.j.p.i.JtaPlatformInitiator       : HHH000489: No JTA platform available (set 'hibernate.transaction.jta.platform' to enable JTA platform integration)
2025-10-18T12:26:26.204+02:00  INFO 7664 --- [XFit_backend] [restartedMain] j.LocalContainerEntityManagerFactoryBean : Initialized JPA EntityManagerFactory for persistence unit 'default'
2025-10-18T12:26:26.511+02:00  WARN 7664 --- [XFit_backend] [restartedMain] JpaBaseConfiguration$JpaWebConfiguration : spring.jpa.open-in-view is enabled by default. Therefore, database queries may be performed during view rendering. Explicitly configure spring.jpa.open-in-view to disable this warning
2025-10-18T12:26:26.806+02:00  INFO 7664 --- [XFit_backend] [restartedMain] o.s.b.d.a.OptionalLiveReloadServer       : LiveReload server is running on port 35729
2025-10-18T12:26:26.837+02:00  INFO 7664 --- [XFit_backend] [restartedMain] o.s.b.w.embedded.tomcat.TomcatWebServer  : Tomcat started on port 8090 (http) with context path '/'
2025-10-18T12:26:26.844+02:00  INFO 7664 --- [XFit_backend] [restartedMain] c.s.xfit_backend.XFitBackendApplication  : Started XFitBackendApplication in 3.803 seconds (process running for 8.392)
2025-10-18T12:31:20.276+02:00  INFO 7664 --- [XFit_backend] [http-nio-8090-exec-1] o.a.c.c.C.[Tomcat].[localhost].[/]       : Initializing Spring DispatcherServlet 'dispatcherServlet'
2025-10-18T12:31:20.278+02:00  INFO 7664 --- [XFit_backend] [http-nio-8090-exec-1] o.s.web.servlet.DispatcherServlet        : Initializing Servlet 'dispatcherServlet'
2025-10-18T12:31:20.281+02:00  INFO 7664 --- [XFit_backend] [http-nio-8090-exec-1] o.s.web.servlet.DispatcherServlet        : Completed initialization in 2 ms
2025-10-18T12:34:13.861+02:00  INFO 7664 --- [XFit_backend] [SpringApplicationShutdownHook] o.s.b.w.e.tomcat.GracefulShutdown        : Commencing graceful shutdown. Waiting for active requests to complete
2025-10-18T12:34:13.870+02:00  INFO 7664 --- [XFit_backend] [tomcat-shutdown] o.s.b.w.e.tomcat.GracefulShutdown        : Graceful shutdown complete
2025-10-18T12:34:13.875+02:00  INFO 7664 --- [XFit_backend] [SpringApplicationShutdownHook] j.LocalContainerEntityManagerFactoryBean : Closing JPA EntityManagerFactory for persistence unit 'default'
2025-10-18T12:34:13.878+02:00  INFO 7664 --- [XFit_backend] [SpringApplicationShutdownHook] com.zaxxer.hikari.HikariDataSource       : HikariPool-1 - Shutdown initiated...
2025-10-18T12:34:13.888+02:00  INFO 7664 --- [XFit_backend] [SpringApplicationShutdownHook] com.zaxxer.hikari.HikariDataSource       : HikariPool-1 - Shutdown completed.
